#
# There is insufficient memory for the Java Runtime Environment to continue.
# Native memory allocation (malloc) failed to allocate 1048576 bytes for AllocateHeap
# Possible reasons:
#   The system is out of physical RAM or swap space
#   In 32 bit mode, the process size limit was hit
# Possible solutions:
#   Reduce memory load on the system
#   Increase physical memory or swap space
#   Check if swap backing store is full
#   Use 64 bit Java on a 64 bit OS
#   Decrease Java heap size (-Xmx/-Xms)
#   Decrease number of Java threads
#   Decrease Java thread stack sizes (-Xss)
#   Set larger code cache with -XX:ReservedCodeCacheSize=
# This output file may be truncated or incomplete.
#
#  Out of Memory Error (memory/allocation.inline.hpp:61), pid=11960, tid=8608
#
# JRE version:  (8.0_60-b27) (build )
# Java VM: Java HotSpot(TM) 64-Bit Server VM (25.60-b23 mixed mode windows-amd64 compressed oops)
# Failed to write core dump. Minidumps are not enabled by default on client versions of Windows
#

---------------  T H R E A D  ---------------

Current thread (0x000000000200d800):  JavaThread "Unknown thread" [_thread_in_vm, id=8608, stack(0x00000000023f0000,0x00000000024f0000)]

Stack: [0x00000000023f0000,0x00000000024f0000]
[error occurred during error reporting (printing stack bounds), id 0xc0000005]

Native frames: (J=compiled Java code, j=interpreted, Vv=VM code, C=native code)


---------------  P R O C E S S  ---------------

Java Threads: ( => current thread )

Other Threads:

=>0x000000000200d800 (exited) JavaThread "Unknown thread" [_thread_in_vm, id=8608, stack(0x00000000023f0000,0x00000000024f0000)]

VM state:not at safepoint (normal execution)

VM Mutex/Monitor currently owned by a thread: None

Heap:
 PSYoungGen      total 38400K, used 665K [0x00000000eab00000, 0x00000000ed580000, 0x0000000100000000)
  eden space 33280K, 2% used [0x00000000eab00000,0x00000000eaba6670,0x00000000ecb80000)
  from space 5120K, 0% used [0x00000000ed080000,0x00000000ed080000,0x00000000ed580000)
  to   space 5120K, 0% used [0x00000000ecb80000,0x00000000ecb80000,0x00000000ed080000)
 ParOldGen       total 87552K, used 0K [0x00000000c0000000, 0x00000000c5580000, 0x00000000eab00000)
  object space 87552K, 0% used [0x00000000c0000000,0x00000000c0000000,0x00000000c5580000)
 Metaspace       used 781K, capacity 1092K, committed 1152K, reserved 1060864K
  class space    used 75K, capacity 384K, committed 384K, reserved 1048576K

Card table byte_map: [0x00000000119b0000,0x0000000011bc0000] byte_map_base: 0x00000000113b0000

Marking Bits: (ParMarkBitMap*) 0x000000006b81a5b0
 Begin Bits: [0x0000000012120000, 0x0000000013120000)
 End Bits:   [0x0000000013120000, 0x0000000014120000)

Polling page: 0x0000000001fe0000

CodeCache: size=245760Kb used=328Kb max_used=328Kb free=245431Kb
 bounds [0x00000000025f0000, 0x0000000002860000, 0x00000000115f0000]
 total_blobs=57 nmethods=0 adapters=37
 compilation: enabled

Compilation events (0 events):
No events

GC Heap History (0 events):
No events

Deoptimization events (0 events):
No events

Internal exceptions (0 events):
No events

Events (10 events):
Event: 0.060 loading class java/lang/Short
Event: 0.060 loading class java/lang/Short done
Event: 0.060 loading class java/lang/Integer
Event: 0.061 loading class java/lang/Integer done
Event: 0.061 loading class java/lang/Long
Event: 0.061 loading class java/lang/Long done
Event: 0.084 loading class java/lang/NullPointerException
Event: 0.084 loading class java/lang/NullPointerException done
Event: 0.084 loading class java/lang/ArithmeticException
Event: 0.084 loading class java/lang/ArithmeticException done


Dynamic libraries:
0x00007ff7dcf20000 - 0x00007ff7dcf57000 	C:\Program Files\Java\jdk1.8.0_60\bin\java.exe
0x00007ffd21a60000 - 0x00007ffd21c0c000 	C:\Windows\SYSTEM32\ntdll.dll
0x00007ffd211c0000 - 0x00007ffd212fe000 	C:\Windows\system32\KERNEL32.DLL
0x00007ffd1ec80000 - 0x00007ffd1ed95000 	C:\Windows\system32\KERNELBASE.dll
0x00007ffd1d750000 - 0x00007ffd1d7de000 	C:\Windows\system32\apphelp.dll
0x00007ffd06d40000 - 0x00007ffd06d93000 	C:\Windows\AppPatch\AppPatch64\AcGenral.DLL
0x00007ffd21110000 - 0x00007ffd211ba000 	C:\Windows\system32\msvcrt.dll
0x00007ffd1e980000 - 0x00007ffd1e9ae000 	C:\Windows\SYSTEM32\SspiCli.dll
0x00007ffd1f550000 - 0x00007ffd1f5a4000 	C:\Windows\system32\SHLWAPI.dll
0x00007ffd1f710000 - 0x00007ffd1f887000 	C:\Windows\system32\USER32.dll
0x00007ffd1f0e0000 - 0x00007ffd1f274000 	C:\Windows\system32\ole32.dll
0x00007ffd1fb70000 - 0x00007ffd21088000 	C:\Windows\system32\SHELL32.dll
0x00007ffd1e150000 - 0x00007ffd1e171000 	C:\Windows\SYSTEM32\USERENV.dll
0x00007ffd1f490000 - 0x00007ffd1f53a000 	C:\Windows\system32\ADVAPI32.dll
0x00007ffd18620000 - 0x00007ffd1863e000 	C:\Windows\SYSTEM32\MPR.dll
0x00007ffd213c0000 - 0x00007ffd21501000 	C:\Windows\system32\RPCRT4.dll
0x00007ffd1f5b0000 - 0x00007ffd1f609000 	C:\Windows\SYSTEM32\sechost.dll
0x00007ffd1f890000 - 0x00007ffd1faa1000 	C:\Windows\SYSTEM32\combase.dll
0x00007ffd216c0000 - 0x00007ffd21811000 	C:\Windows\system32\GDI32.dll
0x00007ffd1ebb0000 - 0x00007ffd1ebc5000 	C:\Windows\SYSTEM32\profapi.dll
0x00007ffd1cf70000 - 0x00007ffd1d022000 	C:\Windows\SYSTEM32\SHCORE.dll
0x00007ffd1f6d0000 - 0x00007ffd1f706000 	C:\Windows\system32\IMM32.DLL
0x00007ffd21900000 - 0x00007ffd21a52000 	C:\Windows\system32\MSCTF.dll
0x00007ffd1c490000 - 0x00007ffd1c70a000 	C:\Windows\WinSxS\amd64_microsoft.windows.common-controls_6595b64144ccf1df_6.0.9600.17810_none_6240b9c7ecbd0bda\COMCTL32.dll
0x000000006a720000 - 0x000000006a7f2000 	C:\Program Files\Java\jdk1.8.0_60\jre\bin\msvcr100.dll
0x000000006b010000 - 0x000000006b899000 	C:\Program Files\Java\jdk1.8.0_60\jre\bin\server\jvm.dll
0x00007ffd14ae0000 - 0x00007ffd14ae9000 	C:\Windows\SYSTEM32\WSOCK32.dll
0x00007ffd16870000 - 0x00007ffd16892000 	C:\Windows\SYSTEM32\WINMM.dll
0x00007ffd153d0000 - 0x00007ffd153da000 	C:\Windows\SYSTEM32\VERSION.dll
0x00007ffd21090000 - 0x00007ffd21097000 	C:\Windows\system32\PSAPI.DLL
0x00007ffd21360000 - 0x00007ffd213ba000 	C:\Windows\system32\WS2_32.dll
0x00007ffd16760000 - 0x00007ffd1678a000 	C:\Windows\SYSTEM32\WINMMBASE.dll
0x00007ffd218f0000 - 0x00007ffd218f9000 	C:\Windows\system32\NSI.dll
0x00007ffd1eda0000 - 0x00007ffd1edef000 	C:\Windows\SYSTEM32\cfgmgr32.dll
0x00007ffd1d9c0000 - 0x00007ffd1d9e8000 	C:\Windows\SYSTEM32\DEVOBJ.dll
0x000000006c3b0000 - 0x000000006c3bf000 	C:\Program Files\Java\jdk1.8.0_60\jre\bin\verify.dll
0x000000006c380000 - 0x000000006c3a9000 	C:\Program Files\Java\jdk1.8.0_60\jre\bin\java.dll
0x000000006c360000 - 0x000000006c376000 	C:\Program Files\Java\jdk1.8.0_60\jre\bin\zip.dll

VM Arguments:
jvm_args: -Xmx1024M -Dfile.encoding=x-windows-949 -Duser.country=KR -Duser.language=ko -Duser.variant 
java_command: com.android.dx.command.Main --dex --output C:\Users\user1\AndroidStudioProjects\Remem_practice\app\build\intermediates\dex\debug C:\Users\user1\AndroidStudioProjects\Remem_practice\app\build\intermediates\classes\debug C:\Users\user1\AndroidStudioProjects\Remem_practice\app\build\intermediates\pre-dexed\debug\support-annotations-22.2.1-f927a00475dd1f3b5519611b9a3ba09a13a64a5a.jar C:\Users\user1\AndroidStudioProjects\Remem_practice\app\build\intermediates\pre-dexed\debug\internal_impl-22.2.1-53ffd719d781e97e316d44d6e1f52346f9a4c657.jar C:\Users\user1\AndroidStudioProjects\Remem_practice\app\build\intermediates\pre-dexed\debug\classes-276d929217a961301e8868100a68ca4e47b108d2.jar C:\Users\user1\AndroidStudioProjects\Remem_practice\app\build\intermediates\pre-dexed\debug\classes-0da64def5c2f0920f488ac48df7484f3b75253d8.jar
java_class_path (initial): C:\Users\user1\AppData\Local\Android\sdk\build-tools\22.0.1\lib\dx.jar
Launcher Type: SUN_STANDARD

Environment Variables:
PATH=C:\ProgramData\Oracle\Java\javapath;C:\Program Files (x86)\Intel\iCLS Client\;C:\Program Files\Intel\iCLS Client\;C:\Windows\system32;C:\Windows;C:\Windows\System32\Wbem;C:\Windows\System32\WindowsPowerShell\v1.0\;C:\Program Files (x86)\Windows Live\Shared;C:\Program Files\Intel\Intel(R) Management Engine Components\DAL;C:\Program Files (x86)\Intel\Intel(R) Management Engine Components\DAL;C:\Program Files\Intel\Intel(R) Management Engine Components\IPT;C:\Program Files (x86)\Intel\Intel(R) Management Engine Components\IPT;C:\Program Files\Intel\WiFi\bin\;C:\Program Files\Common Files\Intel\WirelessCommon\;C:\Program Files\Microsoft SQL Server\110\Tools\Binn\;C:\Program Files\Microsoft SQL Server\120\Tools\Binn\;C:\Program Files (x86)\Java\jdk1.8.0_51\bin;C:\Windows\system32\config\systemprofile\.dnx\bin;C:\Program Files\Microsoft DNX\Dnvm\;C:\Program Files (x86)\Windows Kits\10\Windows Performance Toolkit;C:\Users\user1\Desktop;C:\Program Files (x86)\ESTsoft\ALSee\x64
USERNAME=user1
OS=Windows_NT
PROCESSOR_IDENTIFIER=Intel64 Family 6 Model 61 Stepping 4, GenuineIntel



---------------  S Y S T E M  ---------------

OS: Windows 8.1 , 64 bit Build 9600 (6.3.9600.17415)

CPU:total 4 (2 cores per cpu, 2 threads per core) family 6 model 61 stepping 4, cmov, cx8, fxsr, mmx, sse, sse2, sse3, ssse3, sse4.1, sse4.2, popcnt, avx, avx2, aes, clmul, erms, 3dnowpref, lzcnt, ht, tsc, tscinvbit, bmi1, bmi2, adx

Memory: 4k page, physical 8292268k(789216k free), swap 12360348k(4976k free)

vm_info: Java HotSpot(TM) 64-Bit Server VM (25.60-b23) for windows-amd64 JRE (1.8.0_60-b27), built on Aug  4 2015 11:06:27 by "java_re" with MS VC++ 10.0 (VS2010)

time: Thu Apr 21 01:02:36 2016
elapsed time: 0 seconds (0d 0h 0m 0s)

